[INFO ] 2024-05-24 13:26:50.170 [main] Base_Setup_proj - Menu displayed :true
[INFO ] 2024-05-24 13:26:50.224 [main] Base_Setup_proj - Menu Enabled :true
[INFO ] 2024-05-24 13:26:56.837 [main] Base_Setup_proj - title is : CURA Healthcare Service
[INFO ] 2024-05-24 13:26:56.947 [main] Base_Setup_proj - Is subtitle is displayed : true
[INFO ] 2024-05-24 13:27:03.762 [main] Base_Setup_proj - Menu displayed :true
[INFO ] 2024-05-24 13:27:03.819 [main] Base_Setup_proj - Menu Enabled :true
[INFO ] 2024-05-24 13:27:05.396 [main] Base_Setup_proj - entered username is :John Doe1
[INFO ] 2024-05-25 23:37:38.556 [main] Base_Setup_proj - Menu displayed :true
[INFO ] 2024-05-25 23:37:38.692 [main] Base_Setup_proj - Menu Enabled :true
[INFO ] 2024-05-25 23:37:44.222 [main] Base_Setup_proj - title is : CURA Healthcare Service
[INFO ] 2024-05-25 23:37:44.288 [main] Base_Setup_proj - Is subtitle is displayed : true
[INFO ] 2024-05-25 23:37:49.341 [main] Base_Setup_proj - Menu displayed :true
[INFO ] 2024-05-25 23:37:49.368 [main] Base_Setup_proj - Menu Enabled :true
[INFO ] 2024-05-25 23:37:49.988 [main] Base_Setup_proj - entered username is :John Doe1
[INFO ] 2024-05-25 23:47:31.257 [main] Base_Setup_proj - Menu displayed :true
[INFO ] 2024-05-25 23:47:31.292 [main] Base_Setup_proj - Menu Enabled :true
[INFO ] 2024-05-25 23:47:36.378 [main] Base_Setup_proj - title is : CURA Healthcare Service
[INFO ] 2024-05-25 23:47:36.433 [main] Base_Setup_proj - Is subtitle is displayed : true
[INFO ] 2024-05-25 23:47:36.449 [main] Base_Setup_proj - validation passed for Sub title 
[INFO ] 2024-05-25 23:47:41.757 [main] Base_Setup_proj - Menu displayed :true
[INFO ] 2024-05-25 23:47:41.783 [main] Base_Setup_proj - Menu Enabled :true
[INFO ] 2024-05-25 23:47:42.321 [main] Base_Setup_proj - entered username is :John Doe1
[INFO ] 2024-05-26 16:20:42.926 [main] Base_Setup_proj - Menu displayed :true
[INFO ] 2024-05-26 16:20:43.010 [main] Base_Setup_proj - Menu Enabled :true
[INFO ] 2024-05-26 16:20:49.704 [main] Base_Setup_proj - title is : CURA Healthcare Service
[INFO ] 2024-05-26 16:20:49.804 [main] Base_Setup_proj - Is subtitle is displayed : true
[INFO ] 2024-05-26 16:20:49.834 [main] Base_Setup_proj - validation passed for Sub title 
[INFO ] 2024-05-26 16:20:55.708 [main] Base_Setup_proj - Menu displayed :true
[INFO ] 2024-05-26 16:20:55.784 [main] Base_Setup_proj - Menu Enabled :true
[INFO ] 2024-05-26 16:20:56.592 [main] Base_Setup_proj - entered username is :John Doe1
[INFO ] 2024-05-27 11:27:32.741 [main] Base_Setup_proj - Menu displayed :true
[INFO ] 2024-05-27 11:27:32.786 [main] Base_Setup_proj - Menu Enabled :true
[INFO ] 2024-05-27 11:27:38.652 [main] Base_Setup_proj - title is : CURA Healthcare Service
[INFO ] 2024-05-27 11:27:38.728 [main] Base_Setup_proj - Is subtitle is displayed : true
[INFO ] 2024-05-27 11:27:38.749 [main] Base_Setup_proj - validation passed for Sub title 
[INFO ] 2024-05-27 11:27:43.984 [main] Base_Setup_proj - Menu displayed :true
[INFO ] 2024-05-27 11:27:44.016 [main] Base_Setup_proj - Menu Enabled :true
[INFO ] 2024-05-27 11:27:44.616 [main] Base_Setup_proj - entered username is :John Doe1
[INFO ] 2024-05-27 12:07:50.924 [main] Base_Setup_proj - Menu displayed :true
[INFO ] 2024-05-27 12:07:50.996 [main] Base_Setup_proj - Menu Enabled :true
[INFO ] 2024-05-27 12:08:01.916 [main] Base_Setup_proj - title is : CURA Healthcare Service
[INFO ] 2024-05-27 12:08:02.031 [main] Base_Setup_proj - Is subtitle is displayed : true
[INFO ] 2024-05-27 12:08:02.076 [main] Base_Setup_proj - validation passed for Sub title 
[INFO ] 2024-05-27 12:08:08.103 [main] Base_Setup_proj - Menu displayed :true
[INFO ] 2024-05-27 12:08:08.193 [main] Base_Setup_proj - Menu Enabled :true
[INFO ] 2024-05-27 12:08:09.101 [main] Base_Setup_proj - entered username is :John Doe1
[INFO ] 2024-05-27 12:10:42.392 [main] Base_Setup_proj - Menu displayed :true
[INFO ] 2024-05-27 12:10:42.457 [main] Base_Setup_proj - Menu Enabled :true
[INFO ] 2024-05-27 12:10:48.942 [main] Base_Setup_proj - title is : CURA Healthcare Service
[INFO ] 2024-05-27 12:10:49.034 [main] Base_Setup_proj - Is subtitle is displayed : true
[INFO ] 2024-05-27 12:13:07.543 [main] Base_Setup_proj - Menu displayed :true
[INFO ] 2024-05-27 12:13:07.621 [main] Base_Setup_proj - Menu Enabled :true
[INFO ] 2024-05-27 12:13:14.027 [main] Base_Setup_proj - title is : CURA Healthcare Service
[INFO ] 2024-05-27 12:13:14.135 [main] Base_Setup_proj - Is subtitle is displayed : true
[INFO ] 2024-05-27 12:19:07.668 [main] Base_Setup_proj - Menu displayed :true
[INFO ] 2024-05-27 12:19:07.705 [main] Base_Setup_proj - Menu Enabled :true
[INFO ] 2024-05-27 12:19:13.245 [main] Base_Setup_proj - title is : CURA Healthcare Service
[INFO ] 2024-05-27 12:19:13.305 [main] Base_Setup_proj - Is subtitle is displayed : true
[INFO ] 2024-05-27 12:21:29.266 [main] Base_Setup_proj - Menu displayed :true
[INFO ] 2024-05-27 12:21:29.310 [main] Base_Setup_proj - Menu Enabled :true
[INFO ] 2024-05-27 12:21:34.623 [main] Base_Setup_proj - title is : CURA Healthcare Service
[INFO ] 2024-05-27 12:21:34.682 [main] Base_Setup_proj - Is subtitle is displayed : true
[INFO ] 2024-05-27 13:25:26.212 [main] Base_Setup_proj - Menu displayed :true
[INFO ] 2024-05-27 13:25:26.250 [main] Base_Setup_proj - Menu Enabled :true
[INFO ] 2024-05-27 13:25:31.642 [main] Base_Setup_proj - title is : CURA Healthcare Service
[INFO ] 2024-05-27 13:25:31.710 [main] Base_Setup_proj - Is subtitle is displayed : true
[INFO ] 2024-05-27 13:30:03.644 [main] Base_Setup_proj - Menu displayed :true
[INFO ] 2024-05-27 13:30:03.695 [main] Base_Setup_proj - Menu Enabled :true
[INFO ] 2024-05-27 13:30:09.271 [main] Base_Setup_proj - title is : CURA Healthcare Service
[INFO ] 2024-05-27 13:30:09.330 [main] Base_Setup_proj - Is subtitle is displayed : true
[INFO ] 2024-05-27 13:35:56.724 [main] Base_Setup_proj - Menu displayed :true
[INFO ] 2024-05-27 13:35:56.782 [main] Base_Setup_proj - Menu Enabled :true
[INFO ] 2024-05-27 13:36:01.989 [main] Base_Setup_proj - title is : CURA Healthcare Service
[INFO ] 2024-05-27 13:36:02.054 [main] Base_Setup_proj - Is subtitle is displayed : true
[INFO ] 2024-05-27 13:37:32.773 [main] Base_Setup_proj - Menu displayed :true
[INFO ] 2024-05-27 13:37:32.825 [main] Base_Setup_proj - Menu Enabled :true
[INFO ] 2024-05-27 13:37:38.251 [main] Base_Setup_proj - title is : CURA Healthcare Service
[INFO ] 2024-05-27 13:37:38.320 [main] Base_Setup_proj - Is subtitle is displayed : true
[INFO ] 2024-05-27 14:35:42.085 [main] Base_Setup_proj - Menu displayed :true
[INFO ] 2024-05-27 14:35:42.177 [main] Base_Setup_proj - Menu Enabled :true
[INFO ] 2024-05-27 14:35:48.676 [main] Base_Setup_proj - title is : CURA Healthcare Service
[INFO ] 2024-05-27 14:35:48.814 [main] Base_Setup_proj - Is subtitle is displayed : true
[INFO ] 2024-05-27 14:40:51.989 [main] Base_Setup_proj - Menu displayed :true
[INFO ] 2024-05-27 14:40:52.076 [main] Base_Setup_proj - Menu Enabled :true
[INFO ] 2024-05-27 14:40:58.253 [main] Base_Setup_proj - title is : CURA Healthcare Service
[INFO ] 2024-05-27 14:40:58.358 [main] Base_Setup_proj - Is subtitle is displayed : true
[INFO ] 2024-05-27 14:41:06.360 [main] Base_Setup_proj - Menu displayed :true
[INFO ] 2024-05-27 14:41:06.464 [main] Base_Setup_proj - Menu Enabled :true
[INFO ] 2024-05-27 14:41:07.412 [main] Base_Setup_proj - entered username is :John Doe1
[INFO ] 2024-05-27 16:13:25.028 [main] Base_Setup_proj - Menu displayed :true
[INFO ] 2024-05-27 16:13:25.070 [main] Base_Setup_proj - Menu Enabled :true
[INFO ] 2024-05-27 16:13:30.339 [main] Base_Setup_proj - title is : CURA Healthcare Service
[INFO ] 2024-05-27 16:13:30.397 [main] Base_Setup_proj - Is subtitle is displayed : true
[INFO ] 2024-05-27 16:17:09.452 [main] Base_Setup_proj - Menu displayed :true
[INFO ] 2024-05-27 16:17:09.490 [main] Base_Setup_proj - Menu Enabled :true
[INFO ] 2024-05-27 16:17:14.845 [main] Base_Setup_proj - title is : CURA Healthcare Service
[INFO ] 2024-05-27 16:17:14.909 [main] Base_Setup_proj - Is subtitle is displayed : true
[INFO ] 2024-05-27 18:52:36.612 [main] Base_Setup_proj - Menu displayed :true
[INFO ] 2024-05-27 18:52:36.676 [main] Base_Setup_proj - Menu Enabled :true
[INFO ] 2024-05-27 18:52:42.390 [main] Base_Setup_proj - title is : CURA Healthcare Service
[INFO ] 2024-05-27 18:52:42.461 [main] Base_Setup_proj - Is subtitle is displayed : true
[INFO ] 2024-05-27 23:39:05.937 [main] Base_Setup_proj - Menu displayed :true
[INFO ] 2024-05-27 23:39:05.992 [main] Base_Setup_proj - Menu Enabled :true
[INFO ] 2024-05-27 23:39:11.611 [main] Base_Setup_proj - title is : CURA Healthcare Service
[INFO ] 2024-05-27 23:39:11.683 [main] Base_Setup_proj - Is subtitle is displayed : true
[INFO ] 2024-05-27 23:45:07.493 [main] Base_Setup_proj - Menu displayed :true
[INFO ] 2024-05-27 23:45:07.555 [main] Base_Setup_proj - Menu Enabled :true
[INFO ] 2024-05-27 23:45:13.569 [main] Base_Setup_proj - title is : CURA Healthcare Service
[INFO ] 2024-05-27 23:45:13.635 [main] Base_Setup_proj - Is subtitle is displayed : true
[INFO ] 2024-05-27 23:50:52.476 [main] Base_Setup_proj - Menu displayed :true
[INFO ] 2024-05-27 23:50:52.542 [main] Base_Setup_proj - Menu Enabled :true
[INFO ] 2024-05-27 23:51:01.499 [main] Base_Setup_proj - title is : CURA Healthcare Service
[INFO ] 2024-05-27 23:51:01.591 [main] Base_Setup_proj - Is subtitle is displayed : true
[INFO ] 2024-05-27 23:55:44.163 [main] Base_Setup_proj - Menu displayed :true
[INFO ] 2024-05-27 23:55:44.206 [main] Base_Setup_proj - Menu Enabled :true
[INFO ] 2024-05-27 23:55:49.922 [main] Base_Setup_proj - title is : CURA Healthcare Service
[INFO ] 2024-05-27 23:55:50.023 [main] Base_Setup_proj - Is subtitle is displayed : true
[INFO ] 2024-05-27 23:58:33.607 [main] Base_Setup_proj - Menu displayed :true
[INFO ] 2024-05-27 23:58:33.669 [main] Base_Setup_proj - Menu Enabled :true
[INFO ] 2024-05-27 23:58:39.251 [main] Base_Setup_proj - Menu displayed :true
[INFO ] 2024-05-27 23:58:39.309 [main] Base_Setup_proj - Menu Enabled :true
[INFO ] 2024-05-27 23:58:40.051 [main] Base_Setup_proj - entered username is :John Doe1
[INFO ] 2024-05-28 07:23:46.333 [main] Base_Setup_proj - Menu displayed :true
[INFO ] 2024-05-28 07:23:46.411 [main] Base_Setup_proj - Menu Enabled :true
[INFO ] 2024-05-28 07:30:52.047 [main] Base_Setup_proj - Menu displayed :true
[INFO ] 2024-05-28 07:30:52.129 [main] Base_Setup_proj - Menu Enabled :true
[INFO ] 2024-05-28 07:30:58.582 [main] Base_Setup_proj - Menu displayed :true
[INFO ] 2024-05-28 07:30:58.636 [main] Base_Setup_proj - Menu Enabled :true
[INFO ] 2024-05-28 07:30:59.603 [main] Base_Setup_proj - entered username is :John Doe1
[INFO ] 2024-05-28 07:33:49.734 [main] Base_Setup_proj - Menu displayed :true
[INFO ] 2024-05-28 07:33:49.827 [main] Base_Setup_proj - Menu Enabled :true
[INFO ] 2024-05-28 07:33:56.475 [main] Base_Setup_proj - Menu displayed :true
[INFO ] 2024-05-28 07:33:56.536 [main] Base_Setup_proj - Menu Enabled :true
[INFO ] 2024-05-28 07:33:57.287 [main] Base_Setup_proj - entered username is :John Doe1
[INFO ] 2024-05-28 07:42:08.085 [main] Base_Setup_proj - Menu displayed :true
[INFO ] 2024-05-28 07:42:08.185 [main] Base_Setup_proj - Menu Enabled :true
[INFO ] 2024-05-28 07:42:15.054 [main] Base_Setup_proj - Menu displayed :true
[INFO ] 2024-05-28 07:42:15.115 [main] Base_Setup_proj - Menu Enabled :true
[INFO ] 2024-05-28 07:42:15.863 [main] Base_Setup_proj - entered username is :John Doe1
[INFO ] 2024-05-28 07:56:59.521 [main] Base_Setup_proj - Menu displayed :true
[INFO ] 2024-05-28 07:56:59.629 [main] Base_Setup_proj - Menu Enabled :true
[INFO ] 2024-05-28 07:57:06.084 [main] Base_Setup_proj - title is : CURA Healthcare Service
[INFO ] 2024-05-28 07:57:06.186 [main] Base_Setup_proj - Is subtitle is displayed : true
[INFO ] 2024-05-28 07:59:06.532 [main] Base_Setup_proj - Menu displayed :true
[INFO ] 2024-05-28 07:59:06.612 [main] Base_Setup_proj - Menu Enabled :true
[INFO ] 2024-05-28 07:59:12.928 [main] Base_Setup_proj - title is : CURA Healthcare Service
[INFO ] 2024-05-28 07:59:13.049 [main] Base_Setup_proj - Is subtitle is displayed : true
[INFO ] 2024-05-28 08:01:18.236 [main] Base_Setup_proj - Menu displayed :true
[INFO ] 2024-05-28 08:01:18.318 [main] Base_Setup_proj - Menu Enabled :true
[INFO ] 2024-05-28 08:01:24.634 [main] Base_Setup_proj - title is : CURA Healthcare Service
[INFO ] 2024-05-28 08:01:24.752 [main] Base_Setup_proj - Is subtitle is displayed : true
[INFO ] 2024-05-28 08:07:56.835 [main] Base_Setup_proj - Menu displayed :true
[INFO ] 2024-05-28 08:07:56.935 [main] Base_Setup_proj - Menu Enabled :true
[INFO ] 2024-05-28 08:08:03.234 [main] Base_Setup_proj - title is : CURA Healthcare Service
[INFO ] 2024-05-28 08:08:03.379 [main] Base_Setup_proj - Is subtitle is displayed : true
[INFO ] 2024-05-28 08:11:22.051 [main] Base_Setup_proj - Menu displayed :true
[INFO ] 2024-05-28 08:11:22.146 [main] Base_Setup_proj - Menu Enabled :true
[INFO ] 2024-05-28 08:11:28.463 [main] Base_Setup_proj - title is : CURA Healthcare Service
[INFO ] 2024-05-28 08:11:28.588 [main] Base_Setup_proj - Is subtitle is displayed : true
[INFO ] 2024-05-28 08:12:22.949 [main] Base_Setup_proj - Menu displayed :true
[INFO ] 2024-05-28 08:12:23.026 [main] Base_Setup_proj - Menu Enabled :true
[INFO ] 2024-05-28 08:12:23.817 [main] Base_Setup_proj - entered username is :John Doe1
[INFO ] 2024-05-28 08:13:05.756 [main] Base_Setup_proj - Menu displayed :true
[INFO ] 2024-05-28 08:13:05.850 [main] Base_Setup_proj - Menu Enabled :true
[INFO ] 2024-05-28 08:13:06.670 [main] Base_Setup_proj - entered username is :John Doe1
[INFO ] 2024-05-28 08:14:32.064 [main] Base_Setup_proj - Menu displayed :true
[INFO ] 2024-05-28 08:14:32.151 [main] Base_Setup_proj - Menu Enabled :true
[INFO ] 2024-05-28 08:14:32.974 [main] Base_Setup_proj - entered username is :John Doe1
[INFO ] 2024-05-28 08:15:24.465 [main] Base_Setup_proj - Menu displayed :true
[INFO ] 2024-05-28 08:15:24.547 [main] Base_Setup_proj - Menu Enabled :true
[INFO ] 2024-05-28 08:15:30.753 [main] Base_Setup_proj - title is : CURA Healthcare Service
[INFO ] 2024-05-28 08:15:30.893 [main] Base_Setup_proj - Is subtitle is displayed : true
[INFO ] 2024-05-28 08:21:13.110 [main] Base_Setup_proj - Menu displayed :true
[INFO ] 2024-05-28 08:21:13.188 [main] Base_Setup_proj - Menu Enabled :true
[INFO ] 2024-05-28 08:21:19.734 [main] Base_Setup_proj - title is : CURA Healthcare Service
[INFO ] 2024-05-28 08:21:19.857 [main] Base_Setup_proj - Is subtitle is displayed : true
[INFO ] 2024-05-28 08:23:01.644 [main] Base_Setup_proj - Menu displayed :true
[INFO ] 2024-05-28 08:23:01.752 [main] Base_Setup_proj - Menu Enabled :true
[INFO ] 2024-05-28 08:23:08.372 [main] Base_Setup_proj - title is : CURA Healthcare Service
[INFO ] 2024-05-28 08:23:08.472 [main] Base_Setup_proj - Is subtitle is displayed : true
[INFO ] 2024-05-28 08:25:40.004 [main] Base_Setup_proj - Menu displayed :true
[INFO ] 2024-05-28 08:25:40.089 [main] Base_Setup_proj - Menu Enabled :true
[INFO ] 2024-05-28 08:25:46.599 [main] Base_Setup_proj - title is : CURA Healthcare Service
[INFO ] 2024-05-28 08:25:46.734 [main] Base_Setup_proj - Is subtitle is displayed : true
[INFO ] 2024-05-28 08:29:52.432 [main] Base_Setup_proj - Menu displayed :true
[INFO ] 2024-05-28 08:29:52.531 [main] Base_Setup_proj - Menu Enabled :true
[INFO ] 2024-05-28 08:29:59.008 [main] Base_Setup_proj - title is : CURA Healthcare Service
[INFO ] 2024-05-28 08:29:59.101 [main] Base_Setup_proj - Is subtitle is displayed : true
[INFO ] 2024-05-28 08:37:22.024 [main] Base_Setup_proj - Menu displayed :true
[INFO ] 2024-05-28 08:37:22.090 [main] Base_Setup_proj - Menu Enabled :true
[INFO ] 2024-05-28 08:37:27.915 [main] Base_Setup_proj - title is : CURA Healthcare Service
[INFO ] 2024-05-28 08:37:27.990 [main] Base_Setup_proj - Is subtitle is displayed : true
[INFO ] 2024-05-28 08:37:34.308 [main] Base_Setup_proj - Menu displayed :true
[INFO ] 2024-05-28 08:37:34.366 [main] Base_Setup_proj - Menu Enabled :true
[INFO ] 2024-05-28 08:37:35.148 [main] Base_Setup_proj - entered username is :John Doe1
